[2020-11-16 08:30:09,148] DEBUG preRegister called. Server=com.sun.jmx.mbeanserver.JmxMBeanServer@7a92922, name=log4j:logger=kafka.controller (kafka.controller)
[2020-11-16 08:31:02,386] INFO [ControllerEventThread controllerId=0] Starting (kafka.controller.ControllerEventManager$ControllerEventThread)
[2020-11-16 08:31:02,430] INFO [Controller id=0] 0 successfully elected as the controller. Epoch incremented to 3 and epoch zk version is now 3 (kafka.controller.KafkaController)
[2020-11-16 08:31:02,430] INFO [Controller id=0] Registering handlers (kafka.controller.KafkaController)
[2020-11-16 08:31:02,437] INFO [Controller id=0] Deleting log dir event notifications (kafka.controller.KafkaController)
[2020-11-16 08:31:02,441] INFO [Controller id=0] Deleting isr change notifications (kafka.controller.KafkaController)
[2020-11-16 08:31:02,444] INFO [Controller id=0] Initializing controller context (kafka.controller.KafkaController)
[2020-11-16 08:31:02,460] INFO [Controller id=0] Initialized broker epochs cache: HashMap(0 -> 173) (kafka.controller.KafkaController)
[2020-11-16 08:31:02,477] DEBUG [Controller id=0] Register BrokerModifications handler for Set(0) (kafka.controller.KafkaController)
[2020-11-16 08:31:02,543] DEBUG [Channel manager on controller 0]: Controller 0 trying to connect to broker 0 (kafka.controller.ControllerChannelManager)
[2020-11-16 08:31:02,559] INFO [RequestSendThread controllerId=0] Starting (kafka.controller.RequestSendThread)
[2020-11-16 08:31:02,561] INFO [Controller id=0] Currently active brokers in the cluster: Set(0) (kafka.controller.KafkaController)
[2020-11-16 08:31:02,561] INFO [Controller id=0] Currently shutting brokers in the cluster: HashSet() (kafka.controller.KafkaController)
[2020-11-16 08:31:02,562] INFO [Controller id=0] Current list of topics in the cluster: HashSet(__consumer_offsets, message-topic) (kafka.controller.KafkaController)
[2020-11-16 08:31:02,562] INFO [Controller id=0] Fetching topic deletions in progress (kafka.controller.KafkaController)
[2020-11-16 08:31:02,572] INFO [Controller id=0] List of topics to be deleted:  (kafka.controller.KafkaController)
[2020-11-16 08:31:02,573] INFO [Controller id=0] List of topics ineligible for deletion:  (kafka.controller.KafkaController)
[2020-11-16 08:31:02,573] INFO [Controller id=0] Initializing topic deletion manager (kafka.controller.KafkaController)
[2020-11-16 08:31:02,573] INFO [Topic Deletion Manager 0] Initializing manager with initial deletions: Set(), initial ineligible deletions: HashSet() (kafka.controller.TopicDeletionManager)
[2020-11-16 08:31:02,574] INFO [Controller id=0] Sending update metadata request (kafka.controller.KafkaController)
[2020-11-16 08:31:02,589] INFO [ReplicaStateMachine controllerId=0] Initializing replica state (kafka.controller.ZkReplicaStateMachine)
[2020-11-16 08:31:02,595] INFO [ReplicaStateMachine controllerId=0] Triggering online replica state changes (kafka.controller.ZkReplicaStateMachine)
[2020-11-16 08:31:02,598] INFO [RequestSendThread controllerId=0] Controller 0 connected to LAPTOP-CCEFSH80.mshome.net:9092 (id: 0 rack: null) for sending state change requests (kafka.controller.RequestSendThread)
[2020-11-16 08:31:02,642] INFO [ReplicaStateMachine controllerId=0] Triggering offline replica state changes (kafka.controller.ZkReplicaStateMachine)
[2020-11-16 08:31:02,643] DEBUG [ReplicaStateMachine controllerId=0] Started replica state machine with initial state -> HashMap([Topic=__consumer_offsets,Partition=40,Replica=0] -> OnlineReplica, [Topic=__consumer_offsets,Partition=27,Replica=0] -> OnlineReplica, [Topic=__consumer_offsets,Partition=49,Replica=0] -> OnlineReplica, [Topic=__consumer_offsets,Partition=47,Replica=0] -> OnlineReplica, [Topic=__consumer_offsets,Partition=3,Replica=0] -> OnlineReplica, [Topic=__consumer_offsets,Partition=18,Replica=0] -> OnlineReplica, [Topic=__consumer_offsets,Partition=44,Replica=0] -> OnlineReplica, [Topic=__consumer_offsets,Partition=8,Replica=0] -> OnlineReplica, [Topic=__consumer_offsets,Partition=34,Replica=0] -> OnlineReplica, [Topic=__consumer_offsets,Partition=25,Replica=0] -> OnlineReplica, [Topic=__consumer_offsets,Partition=14,Replica=0] -> OnlineReplica, [Topic=__consumer_offsets,Partition=24,Replica=0] -> OnlineReplica, [Topic=__consumer_offsets,Partition=36,Replica=0] -> OnlineReplica, [Topic=__consumer_offsets,Partition=42,Replica=0] -> OnlineReplica, [Topic=__consumer_offsets,Partition=45,Replica=0] -> OnlineReplica, [Topic=__consumer_offsets,Partition=11,Replica=0] -> OnlineReplica, [Topic=__consumer_offsets,Partition=32,Replica=0] -> OnlineReplica, [Topic=__consumer_offsets,Partition=12,Replica=0] -> OnlineReplica, [Topic=__consumer_offsets,Partition=30,Replica=0] -> OnlineReplica, [Topic=__consumer_offsets,Partition=9,Replica=0] -> OnlineReplica, [Topic=__consumer_offsets,Partition=39,Replica=0] -> OnlineReplica, [Topic=__consumer_offsets,Partition=38,Replica=0] -> OnlineReplica, [Topic=__consumer_offsets,Partition=23,Replica=0] -> OnlineReplica, [Topic=__consumer_offsets,Partition=19,Replica=0] -> OnlineReplica, [Topic=__consumer_offsets,Partition=17,Replica=0] -> OnlineReplica, [Topic=__consumer_offsets,Partition=41,Replica=0] -> OnlineReplica, [Topic=__consumer_offsets,Partition=37,Replica=0] -> OnlineReplica, [Topic=__consumer_offsets,Partition=48,Replica=0] -> OnlineReplica, [Topic=__consumer_offsets,Partition=29,Replica=0] -> OnlineReplica, [Topic=__consumer_offsets,Partition=10,Replica=0] -> OnlineReplica, [Topic=__consumer_offsets,Partition=46,Replica=0] -> OnlineReplica, [Topic=__consumer_offsets,Partition=1,Replica=0] -> OnlineReplica, [Topic=__consumer_offsets,Partition=16,Replica=0] -> OnlineReplica, [Topic=__consumer_offsets,Partition=5,Replica=0] -> OnlineReplica, [Topic=__consumer_offsets,Partition=15,Replica=0] -> OnlineReplica, [Topic=__consumer_offsets,Partition=4,Replica=0] -> OnlineReplica, [Topic=__consumer_offsets,Partition=6,Replica=0] -> OnlineReplica, [Topic=__consumer_offsets,Partition=7,Replica=0] -> OnlineReplica, [Topic=__consumer_offsets,Partition=43,Replica=0] -> OnlineReplica, [Topic=__consumer_offsets,Partition=0,Replica=0] -> OnlineReplica, [Topic=__consumer_offsets,Partition=20,Replica=0] -> OnlineReplica, [Topic=__consumer_offsets,Partition=31,Replica=0] -> OnlineReplica, [Topic=__consumer_offsets,Partition=28,Replica=0] -> OnlineReplica, [Topic=__consumer_offsets,Partition=26,Replica=0] -> OnlineReplica, [Topic=__consumer_offsets,Partition=2,Replica=0] -> OnlineReplica, [Topic=__consumer_offsets,Partition=33,Replica=0] -> OnlineReplica, [Topic=__consumer_offsets,Partition=22,Replica=0] -> OnlineReplica, [Topic=message-topic,Partition=0,Replica=0] -> OnlineReplica, [Topic=__consumer_offsets,Partition=21,Replica=0] -> OnlineReplica, [Topic=__consumer_offsets,Partition=13,Replica=0] -> OnlineReplica, [Topic=__consumer_offsets,Partition=35,Replica=0] -> OnlineReplica) (kafka.controller.ZkReplicaStateMachine)
[2020-11-16 08:31:02,643] INFO [PartitionStateMachine controllerId=0] Initializing partition state (kafka.controller.ZkPartitionStateMachine)
[2020-11-16 08:31:02,658] INFO [PartitionStateMachine controllerId=0] Triggering online partition state changes (kafka.controller.ZkPartitionStateMachine)
[2020-11-16 08:31:02,674] DEBUG [PartitionStateMachine controllerId=0] Started partition state machine with initial state -> HashMap(__consumer_offsets-13 -> OnlinePartition, __consumer_offsets-46 -> OnlinePartition, __consumer_offsets-9 -> OnlinePartition, __consumer_offsets-42 -> OnlinePartition, __consumer_offsets-21 -> OnlinePartition, __consumer_offsets-17 -> OnlinePartition, __consumer_offsets-30 -> OnlinePartition, __consumer_offsets-26 -> OnlinePartition, __consumer_offsets-5 -> OnlinePartition, __consumer_offsets-38 -> OnlinePartition, __consumer_offsets-1 -> OnlinePartition, __consumer_offsets-34 -> OnlinePartition, __consumer_offsets-16 -> OnlinePartition, __consumer_offsets-45 -> OnlinePartition, __consumer_offsets-12 -> OnlinePartition, __consumer_offsets-41 -> OnlinePartition, __consumer_offsets-24 -> OnlinePartition, __consumer_offsets-20 -> OnlinePartition, __consumer_offsets-49 -> OnlinePartition, __consumer_offsets-0 -> OnlinePartition, __consumer_offsets-29 -> OnlinePartition, __consumer_offsets-25 -> OnlinePartition, __consumer_offsets-8 -> OnlinePartition, __consumer_offsets-37 -> OnlinePartition, __consumer_offsets-4 -> OnlinePartition, __consumer_offsets-33 -> OnlinePartition, __consumer_offsets-15 -> OnlinePartition, __consumer_offsets-48 -> OnlinePartition, __consumer_offsets-11 -> OnlinePartition, __consumer_offsets-44 -> OnlinePartition, __consumer_offsets-23 -> OnlinePartition, __consumer_offsets-19 -> OnlinePartition, __consumer_offsets-32 -> OnlinePartition, __consumer_offsets-28 -> OnlinePartition, __consumer_offsets-7 -> OnlinePartition, __consumer_offsets-40 -> OnlinePartition, __consumer_offsets-3 -> OnlinePartition, __consumer_offsets-36 -> OnlinePartition, __consumer_offsets-47 -> OnlinePartition, __consumer_offsets-14 -> OnlinePartition, __consumer_offsets-43 -> OnlinePartition, __consumer_offsets-10 -> OnlinePartition, __consumer_offsets-22 -> OnlinePartition, __consumer_offsets-18 -> OnlinePartition, __consumer_offsets-31 -> OnlinePartition, __consumer_offsets-27 -> OnlinePartition, __consumer_offsets-39 -> OnlinePartition, __consumer_offsets-6 -> OnlinePartition, __consumer_offsets-35 -> OnlinePartition, message-topic-0 -> OnlinePartition, __consumer_offsets-2 -> OnlinePartition) (kafka.controller.ZkPartitionStateMachine)
[2020-11-16 08:31:02,674] INFO [Controller id=0] Ready to serve as the new controller with epoch 3 (kafka.controller.KafkaController)
[2020-11-16 08:31:02,785] INFO [Controller id=0] Partitions undergoing preferred replica election:  (kafka.controller.KafkaController)
[2020-11-16 08:31:02,786] INFO [Controller id=0] Partitions that completed preferred replica election:  (kafka.controller.KafkaController)
[2020-11-16 08:31:02,786] INFO [Controller id=0] Skipping preferred replica election for partitions due to topic deletion:  (kafka.controller.KafkaController)
[2020-11-16 08:31:02,787] INFO [Controller id=0] Resuming preferred replica election for partitions:  (kafka.controller.KafkaController)
[2020-11-16 08:31:02,789] INFO [Controller id=0] Starting replica leader election (PREFERRED) for partitions  triggered by ZkTriggered (kafka.controller.KafkaController)
[2020-11-16 08:31:02,814] INFO [Controller id=0] Starting the controller scheduler (kafka.controller.KafkaController)
[2020-11-16 08:31:07,874] INFO [Controller id=0] Processing automatic preferred replica leader election (kafka.controller.KafkaController)
[2020-11-16 08:31:07,874] TRACE [Controller id=0] Checking need to trigger auto leader balancing (kafka.controller.KafkaController)
[2020-11-16 08:31:07,877] DEBUG [Controller id=0] Topics not in preferred replica for broker 0 HashMap() (kafka.controller.KafkaController)
[2020-11-16 08:31:07,878] TRACE [Controller id=0] Leader imbalance ratio for broker 0 is 0.0 (kafka.controller.KafkaController)
[2020-11-16 08:36:07,891] INFO [Controller id=0] Processing automatic preferred replica leader election (kafka.controller.KafkaController)
[2020-11-16 08:36:07,891] TRACE [Controller id=0] Checking need to trigger auto leader balancing (kafka.controller.KafkaController)
[2020-11-16 08:36:07,893] DEBUG [Controller id=0] Topics not in preferred replica for broker 0 HashMap() (kafka.controller.KafkaController)
[2020-11-16 08:36:07,893] TRACE [Controller id=0] Leader imbalance ratio for broker 0 is 0.0 (kafka.controller.KafkaController)
[2020-11-16 08:41:07,897] INFO [Controller id=0] Processing automatic preferred replica leader election (kafka.controller.KafkaController)
[2020-11-16 08:41:07,897] TRACE [Controller id=0] Checking need to trigger auto leader balancing (kafka.controller.KafkaController)
[2020-11-16 08:41:07,900] DEBUG [Controller id=0] Topics not in preferred replica for broker 0 HashMap() (kafka.controller.KafkaController)
[2020-11-16 08:41:07,900] TRACE [Controller id=0] Leader imbalance ratio for broker 0 is 0.0 (kafka.controller.KafkaController)
[2020-11-16 08:46:07,901] INFO [Controller id=0] Processing automatic preferred replica leader election (kafka.controller.KafkaController)
[2020-11-16 08:46:07,901] TRACE [Controller id=0] Checking need to trigger auto leader balancing (kafka.controller.KafkaController)
[2020-11-16 08:46:07,903] DEBUG [Controller id=0] Topics not in preferred replica for broker 0 HashMap() (kafka.controller.KafkaController)
[2020-11-16 08:46:07,903] TRACE [Controller id=0] Leader imbalance ratio for broker 0 is 0.0 (kafka.controller.KafkaController)
[2020-11-16 08:51:07,912] INFO [Controller id=0] Processing automatic preferred replica leader election (kafka.controller.KafkaController)
[2020-11-16 08:51:07,912] TRACE [Controller id=0] Checking need to trigger auto leader balancing (kafka.controller.KafkaController)
[2020-11-16 08:51:07,915] DEBUG [Controller id=0] Topics not in preferred replica for broker 0 HashMap() (kafka.controller.KafkaController)
[2020-11-16 08:51:07,915] TRACE [Controller id=0] Leader imbalance ratio for broker 0 is 0.0 (kafka.controller.KafkaController)
